[0.010s] Invoking command in '/home/yin/ros2_asst1_ws/src/ros2_asst1/build/hello_ros': CMAKE_PREFIX_PATH=${CMAKE_PREFIX_PATH}:/opt/ros/humble /usr/bin/cmake --build /home/yin/ros2_asst1_ws/src/ros2_asst1/build/hello_ros -- -j20 -l20
[0.062s] [35m[1mConsolidate compiler generated dependencies of target tf[0m
[0.074s] [ 25%] Built target follow
[0.074s] [ 75%] Built target spawn
[0.074s] [ 75%] Built target MYNODE
[0.074s] [ 87%] [32mBuilding CXX object CMakeFiles/tf.dir/src/tf2_node.cpp.o[0m
[1.897s] [01m[K/home/yin/ros2_asst1_ws/src/ros2_asst1/src/tf2_node.cpp:[m[K In member function â€˜[01m[Kvoid node::pose_callback(turtlesim::msg::Pose_<std::allocator<void> >::SharedPtr)[m[Kâ€™:
[1.897s] [01m[K/home/yin/ros2_asst1_ws/src/ros2_asst1/src/tf2_node.cpp:25:28:[m[K [01;31m[Kerror: [m[Kâ€˜[01m[KturtleName[m[Kâ€™ was not declared in this scope; did you mean â€˜[01m[Kturtlesim[m[Kâ€™?
[1.897s]    25 |         t.child_frame_id = [01;31m[KturtleName[m[K;
[1.897s]       |                            [01;31m[K^~~~~~~~~~[m[K
[1.897s]       |                            [32m[Kturtlesim[m[K
[1.901s] [01m[K/home/yin/ros2_asst1_ws/src/ros2_asst1/src/tf2_node.cpp:[m[K In lambda function:
[1.901s] [01m[K/home/yin/ros2_asst1_ws/src/ros2_asst1/src/tf2_node.cpp:42:121:[m[K [01;31m[Kerror: [m[Kno matching function for call to â€˜[01m[Knode::pose_callback(const SharedPtr&, const std::__cxx11::basic_string<char>&)[m[Kâ€™
[1.901s]    42 |             turtle_name+"/pose", 10, [this, turtle_name](const turtlesim::msg::Pose::SharedPtr msg) {[01;31m[Kthis->pose_callback(msg, turtle_name)[m[K;}));
[1.901s]       |                                                                                                      [01;31m[K~~~~~~~~~~~~~~~~~~~^~~~~~~~~~~~~~~~~~[m[K
[1.901s] [01m[K/home/yin/ros2_asst1_ws/src/ros2_asst1/src/tf2_node.cpp:20:10:[m[K [01;36m[Knote: [m[Kcandidate: â€˜[01m[Kvoid node::pose_callback(turtlesim::msg::Pose_<std::allocator<void> >::SharedPtr)[m[Kâ€™
[1.901s]    20 |     void [01;36m[Kpose_callback[m[K(const turtlesim::msg::Pose::SharedPtr msg/* , const std::string turtleName */)
[1.901s]       |          [01;36m[K^~~~~~~~~~~~~[m[K
[1.909s] [01m[K/home/yin/ros2_asst1_ws/src/ros2_asst1/src/tf2_node.cpp:20:10:[m[K [01;36m[Knote: [m[K  candidate expects 1 argument, 2 provided
[3.780s] gmake[2]: *** [CMakeFiles/tf.dir/build.make:76ï¼šCMakeFiles/tf.dir/src/tf2_node.cpp.o] é”™è¯¯ 1
[3.781s] gmake[1]: *** [CMakeFiles/Makefile2:195ï¼šCMakeFiles/tf.dir/all] é”™è¯¯ 2
[3.781s] gmake: *** [Makefile:146ï¼šall] é”™è¯¯ 2
[3.783s] Invoked command in '/home/yin/ros2_asst1_ws/src/ros2_asst1/build/hello_ros' returned '2': CMAKE_PREFIX_PATH=${CMAKE_PREFIX_PATH}:/opt/ros/humble /usr/bin/cmake --build /home/yin/ros2_asst1_ws/src/ros2_asst1/build/hello_ros -- -j20 -l20
