[01m[K/home/yin/ros2_asst1_ws/src/ros2_asst1/src/tf2_node.cpp:[m[K In member function â€˜[01m[Kvoid node::pose_callback(turtlesim::msg::Pose_<std::allocator<void> >::SharedPtr)[m[Kâ€™:
[01m[K/home/yin/ros2_asst1_ws/src/ros2_asst1/src/tf2_node.cpp:25:28:[m[K [01;31m[Kerror: [m[Kâ€˜[01m[Kturtle_name[m[Kâ€™ was not declared in this scope; did you mean â€˜[01m[Kturtlesim[m[Kâ€™?
   25 |         t.child_frame_id = [01;31m[Kturtle_name[m[K;
      |                            [01;31m[K^~~~~~~~~~~[m[K
      |                            [32m[Kturtlesim[m[K
[01m[K/home/yin/ros2_asst1_ws/src/ros2_asst1/src/tf2_node.cpp:[m[K In lambda function:
[01m[K/home/yin/ros2_asst1_ws/src/ros2_asst1/src/tf2_node.cpp:42:121:[m[K [01;31m[Kerror: [m[Kno matching function for call to â€˜[01m[Knode::pose_callback(const SharedPtr&, const std::__cxx11::basic_string<char>&)[m[Kâ€™
   42 |             turtle_name+"/pose", 10, [this, turtle_name](const turtlesim::msg::Pose::SharedPtr msg) {[01;31m[Kthis->pose_callback(msg, turtle_name)[m[K;}));
      |                                                                                                      [01;31m[K~~~~~~~~~~~~~~~~~~~^~~~~~~~~~~~~~~~~~[m[K
[01m[K/home/yin/ros2_asst1_ws/src/ros2_asst1/src/tf2_node.cpp:20:10:[m[K [01;36m[Knote: [m[Kcandidate: â€˜[01m[Kvoid node::pose_callback(turtlesim::msg::Pose_<std::allocator<void> >::SharedPtr)[m[Kâ€™
   20 |     void [01;36m[Kpose_callback[m[K(const turtlesim::msg::Pose::SharedPtr msg/* , const std::string turtleName */)
      |          [01;36m[K^~~~~~~~~~~~~[m[K
[01m[K/home/yin/ros2_asst1_ws/src/ros2_asst1/src/tf2_node.cpp:20:10:[m[K [01;36m[Knote: [m[K  candidate expects 1 argument, 2 provided
gmake[2]: *** [CMakeFiles/tf.dir/build.make:76ï¼šCMakeFiles/tf.dir/src/tf2_node.cpp.o] é”™è¯¯ 1
gmake[1]: *** [CMakeFiles/Makefile2:195ï¼šCMakeFiles/tf.dir/all] é”™è¯¯ 2
gmake: *** [Makefile:146ï¼šall] é”™è¯¯ 2
